<?xml version="1.0" encoding="UTF-8"?>
<testng-results skipped="0" failed="0" ignored="0" total="1" passed="1">
  <reporter-output>
  </reporter-output>
  <suite name="Default Suite" duration-ms="22659" started-at="2016-12-29T16:23:55Z" finished-at="2016-12-29T16:24:17Z">
    <groups>
    </groups>
    <test name="1" duration-ms="22659" started-at="2016-12-29T16:23:55Z" finished-at="2016-12-29T16:24:17Z">
      <class name="tests.LoginTest">
        <test-method status="PASS" signature="initAutomation()[pri:0, instance:tests.LoginTest@6ebc05a6]" name="initAutomation" is-config="true" duration-ms="12" started-at="2016-12-29T21:53:55Z" finished-at="2016-12-29T21:53:55Z">
          <reporter-output>
          </reporter-output>
        </test-method> <!-- initAutomation -->
        <test-method status="PASS" signature="setUp()[pri:0, instance:tests.LoginTest@6ebc05a6]" name="setUp" is-config="true" duration-ms="4139" started-at="2016-12-29T21:53:55Z" finished-at="2016-12-29T21:53:59Z">
          <reporter-output>
          </reporter-output>
        </test-method> <!-- setUp -->
        <test-method status="PASS" signature="testScrolling()[pri:0, instance:tests.LoginTest@6ebc05a6]" name="testScrolling" duration-ms="17375" started-at="2016-12-29T21:53:59Z" finished-at="2016-12-29T21:54:16Z">
          <reporter-output>
          </reporter-output>
        </test-method> <!-- testScrolling -->
        <test-method status="PASS" signature="tearDown()[pri:0, instance:tests.LoginTest@6ebc05a6]" name="tearDown" is-config="true" duration-ms="1123" started-at="2016-12-29T21:54:16Z" finished-at="2016-12-29T21:54:17Z">
          <reporter-output>
          </reporter-output>
        </test-method> <!-- tearDown -->
      </class> <!-- tests.LoginTest -->
    </test> <!-- 1 -->
  </suite> <!-- Default Suite -->
</testng-results>
